<?xml version="1.0" encoding="UTF-8"?>
<!-- Generated by org.testng.reporters.JUnitReportReporter -->
<testsuite hostname="furqan-PC" name="com.comag10.crowdflower.tests.IntersectionWSTest" tests="10" failures="0" timestamp="9 Mar 2016 23:26:24 GMT" time="20.882" errors="0">
  <testcase name="loadTestIntersection" time="2.049" classname="com.comag10.crowdflower.tests.IntersectionWSTest"/>
  <testcase name="loadTestIntersection" time="2.147" classname="com.comag10.crowdflower.tests.IntersectionWSTest"/>
  <testcase name="loadTestIntersection" time="2.046" classname="com.comag10.crowdflower.tests.IntersectionWSTest"/>
  <testcase name="loadTestIntersection" time="2.058" classname="com.comag10.crowdflower.tests.IntersectionWSTest"/>
  <testcase name="loadTestIntersection" time="2.312" classname="com.comag10.crowdflower.tests.IntersectionWSTest"/>
  <testcase name="loadTestIntersection" time="2.052" classname="com.comag10.crowdflower.tests.IntersectionWSTest"/>
  <testcase name="loadTestIntersection" time="2.075" classname="com.comag10.crowdflower.tests.IntersectionWSTest"/>
  <testcase name="loadTestIntersection" time="2.041" classname="com.comag10.crowdflower.tests.IntersectionWSTest"/>
  <testcase name="loadTestIntersection" time="2.037" classname="com.comag10.crowdflower.tests.IntersectionWSTest"/>
  <testcase name="loadTestIntersection" time="2.065" classname="com.comag10.crowdflower.tests.IntersectionWSTest"/>
</testsuite> <!-- com.comag10.crowdflower.tests.IntersectionWSTest -->
