<?xml version="1.0" encoding="UTF-8"?>
<!-- Generated by org.testng.reporters.JUnitReportReporter -->
<testsuite hostname="furqan-PC" name="com.comag10.crowdflower.tests.UploadWSTest" tests="10" failures="0" timestamp="9 Mar 2016 19:22:52 GMT" time="1.238" errors="0">
  <testcase name="loadTestUpload" time="0.085" classname="com.comag10.crowdflower.tests.UploadWSTest"/>
  <testcase name="loadTestUpload" time="0.436" classname="com.comag10.crowdflower.tests.UploadWSTest"/>
  <testcase name="loadTestUpload" time="0.070" classname="com.comag10.crowdflower.tests.UploadWSTest"/>
  <testcase name="loadTestUpload" time="0.140" classname="com.comag10.crowdflower.tests.UploadWSTest"/>
  <testcase name="loadTestUpload" time="0.080" classname="com.comag10.crowdflower.tests.UploadWSTest"/>
  <testcase name="loadTestUpload" time="0.091" classname="com.comag10.crowdflower.tests.UploadWSTest"/>
  <testcase name="loadTestUpload" time="0.065" classname="com.comag10.crowdflower.tests.UploadWSTest"/>
  <testcase name="loadTestUpload" time="0.060" classname="com.comag10.crowdflower.tests.UploadWSTest"/>
  <testcase name="loadTestUpload" time="0.106" classname="com.comag10.crowdflower.tests.UploadWSTest"/>
  <testcase name="loadTestUpload" time="0.105" classname="com.comag10.crowdflower.tests.UploadWSTest"/>
</testsuite> <!-- com.comag10.crowdflower.tests.UploadWSTest -->
