<?xml version="1.0" encoding="UTF-8"?>
<!-- Generated by org.testng.reporters.JUnitReportReporter -->
<testsuite hostname="furqan-PC" name="com.comag10.crowdflower.examples.spring.Junit" tests="9" failures="0" timestamp="14 Mar 2016 05:12:06 GMT" time="0.805" errors="0">
  <testcase name="commonTest" time="0.356" classname="com.comag10.crowdflower.examples.spring.Junit"/>
  <testcase name="searchTest" time="0.013" classname="com.comag10.crowdflower.examples.spring.Junit"/>
  <testcase name="longestTest" time="0.017" classname="com.comag10.crowdflower.examples.spring.Junit"/>
  <testcase name="intersection" time="0.015" classname="com.comag10.crowdflower.examples.spring.Junit"/>
  <testcase name="exactlyTest" time="0.013" classname="com.comag10.crowdflower.examples.spring.Junit"/>
  <testcase name="statisticsTest" time="0.017" classname="com.comag10.crowdflower.examples.spring.Junit"/>
  <testcase name="longchain" time="0.014" classname="com.comag10.crowdflower.examples.spring.Junit"/>
  <testcase name="uploadTest" time="0.308" classname="com.comag10.crowdflower.examples.spring.Junit"/>
  <testcase name="deleteTest" time="0.052" classname="com.comag10.crowdflower.examples.spring.Junit"/>
</testsuite> <!-- com.comag10.crowdflower.examples.spring.Junit -->
