<?xml version="1.0" encoding="UTF-8"?>
<!-- Generated by org.testng.reporters.JUnitReportReporter -->
<testsuite hostname="furqan-PC" name="com.comag10.crowdflower.Junit" tests="4" failures="0" timestamp="17 Mar 2016 06:58:03 GMT" time="0.672" errors="0">
  <testcase name="userDoesNotExistTest" time="0.354" classname="com.comag10.crowdflower.Junit"/>
  <testcase name="userExistTest" time="0.053" classname="com.comag10.crowdflower.Junit"/>
  <testcase name="userSignUpTest" time="0.246" classname="com.comag10.crowdflower.Junit"/>
  <testcase name="userLoginTest" time="0.019" classname="com.comag10.crowdflower.Junit"/>
</testsuite> <!-- com.comag10.crowdflower.Junit -->
