<?xml version="1.0" encoding="UTF-8"?>
<!-- Generated by org.testng.reporters.JUnitReportReporter -->
<testsuite hostname="furqan-PC" name="com.comag10.crowdflower.tests.SearchWSTest" tests="10" failures="0" timestamp="10 Mar 2016 01:43:28 GMT" time="20.886" errors="0">
  <testcase name="loadTestSearch" time="2.055" classname="com.comag10.crowdflower.tests.SearchWSTest"/>
  <testcase name="loadTestSearch" time="2.059" classname="com.comag10.crowdflower.tests.SearchWSTest"/>
  <testcase name="loadTestSearch" time="2.091" classname="com.comag10.crowdflower.tests.SearchWSTest"/>
  <testcase name="loadTestSearch" time="2.037" classname="com.comag10.crowdflower.tests.SearchWSTest"/>
  <testcase name="loadTestSearch" time="2.057" classname="com.comag10.crowdflower.tests.SearchWSTest"/>
  <testcase name="loadTestSearch" time="2.045" classname="com.comag10.crowdflower.tests.SearchWSTest"/>
  <testcase name="loadTestSearch" time="2.040" classname="com.comag10.crowdflower.tests.SearchWSTest"/>
  <testcase name="loadTestSearch" time="2.416" classname="com.comag10.crowdflower.tests.SearchWSTest"/>
  <testcase name="loadTestSearch" time="2.040" classname="com.comag10.crowdflower.tests.SearchWSTest"/>
  <testcase name="loadTestSearch" time="2.046" classname="com.comag10.crowdflower.tests.SearchWSTest"/>
</testsuite> <!-- com.comag10.crowdflower.tests.SearchWSTest -->
