<?xml version="1.0" encoding="UTF-8"?>
<!-- Generated by org.testng.reporters.JUnitReportReporter -->
<testsuite hostname="furqan-PC" name="com.comag10.crowdflower.tests.ExactlyStrsWSTest" tests="10" failures="0" timestamp="9 Mar 2016 23:13:57 GMT" time="20.858" errors="0">
  <testcase name="loadTestExactlyStrs" time="2.062" classname="com.comag10.crowdflower.tests.ExactlyStrsWSTest"/>
  <testcase name="loadTestExactlyStrs" time="2.074" classname="com.comag10.crowdflower.tests.ExactlyStrsWSTest"/>
  <testcase name="loadTestExactlyStrs" time="2.046" classname="com.comag10.crowdflower.tests.ExactlyStrsWSTest"/>
  <testcase name="loadTestExactlyStrs" time="2.067" classname="com.comag10.crowdflower.tests.ExactlyStrsWSTest"/>
  <testcase name="loadTestExactlyStrs" time="2.042" classname="com.comag10.crowdflower.tests.ExactlyStrsWSTest"/>
  <testcase name="loadTestExactlyStrs" time="2.104" classname="com.comag10.crowdflower.tests.ExactlyStrsWSTest"/>
  <testcase name="loadTestExactlyStrs" time="2.052" classname="com.comag10.crowdflower.tests.ExactlyStrsWSTest"/>
  <testcase name="loadTestExactlyStrs" time="2.047" classname="com.comag10.crowdflower.tests.ExactlyStrsWSTest"/>
  <testcase name="loadTestExactlyStrs" time="2.302" classname="com.comag10.crowdflower.tests.ExactlyStrsWSTest"/>
  <testcase name="loadTestExactlyStrs" time="2.062" classname="com.comag10.crowdflower.tests.ExactlyStrsWSTest"/>
</testsuite> <!-- com.comag10.crowdflower.tests.ExactlyStrsWSTest -->
