<?xml version="1.0" encoding="UTF-8"?>
<!-- Generated by org.testng.reporters.JUnitReportReporter -->
<testsuite hostname="furqan-PC" name="com.comag10.crowdflower.UserTest" tests="2" failures="0" timestamp="19 Mar 2016 02:55:08 GMT" time="0.726" errors="0">
  <testcase name="userExistTest" time="0.673" classname="com.comag10.crowdflower.UserTest"/>
  <testcase name="userLoginTest" time="0.053" classname="com.comag10.crowdflower.UserTest"/>
</testsuite> <!-- com.comag10.crowdflower.UserTest -->
