<?xml version="1.0" encoding="UTF-8"?>
<!-- Generated by org.testng.reporters.JUnitReportReporter -->
<testsuite hostname="furqan-PC" name="com.comag10.crowdflower.tests.VertoTest" tests="10" failures="0" timestamp="9 Mar 2016 16:30:46 GMT" time="22.110" errors="0">
  <testcase name="loadTestStatistics" time="2.077" classname="com.comag10.crowdflower.tests.VertoTest"/>
  <testcase name="loadTestStatistics" time="2.339" classname="com.comag10.crowdflower.tests.VertoTest"/>
  <testcase name="loadTestStatistics" time="2.077" classname="com.comag10.crowdflower.tests.VertoTest"/>
  <testcase name="loadTestStatistics" time="2.057" classname="com.comag10.crowdflower.tests.VertoTest"/>
  <testcase name="loadTestStatistics" time="2.067" classname="com.comag10.crowdflower.tests.VertoTest"/>
  <testcase name="loadTestStatistics" time="2.047" classname="com.comag10.crowdflower.tests.VertoTest"/>
  <testcase name="loadTestStatistics" time="2.344" classname="com.comag10.crowdflower.tests.VertoTest"/>
  <testcase name="loadTestStatistics" time="2.414" classname="com.comag10.crowdflower.tests.VertoTest"/>
  <testcase name="loadTestStatistics" time="2.344" classname="com.comag10.crowdflower.tests.VertoTest"/>
  <testcase name="loadTestStatistics" time="2.344" classname="com.comag10.crowdflower.tests.VertoTest"/>
</testsuite> <!-- com.comag10.crowdflower.tests.VertoTest -->
