<?xml version="1.0" encoding="UTF-8"?>
<!-- Generated by org.testng.reporters.JUnitReportReporter -->
<testsuite hostname="furqan-PC" name="com.comag10.crowdflower.tests.CommonWSTest" tests="10" failures="0" timestamp="10 Mar 2016 02:06:09 GMT" time="20.797" errors="0">
  <testcase name="loadTestIntersection" time="2.048" classname="com.comag10.crowdflower.tests.CommonWSTest"/>
  <testcase name="loadTestIntersection" time="2.047" classname="com.comag10.crowdflower.tests.CommonWSTest"/>
  <testcase name="loadTestIntersection" time="2.072" classname="com.comag10.crowdflower.tests.CommonWSTest"/>
  <testcase name="loadTestIntersection" time="2.044" classname="com.comag10.crowdflower.tests.CommonWSTest"/>
  <testcase name="loadTestIntersection" time="2.116" classname="com.comag10.crowdflower.tests.CommonWSTest"/>
  <testcase name="loadTestIntersection" time="2.043" classname="com.comag10.crowdflower.tests.CommonWSTest"/>
  <testcase name="loadTestIntersection" time="2.039" classname="com.comag10.crowdflower.tests.CommonWSTest"/>
  <testcase name="loadTestIntersection" time="2.042" classname="com.comag10.crowdflower.tests.CommonWSTest"/>
  <testcase name="loadTestIntersection" time="2.310" classname="com.comag10.crowdflower.tests.CommonWSTest"/>
  <testcase name="loadTestIntersection" time="2.036" classname="com.comag10.crowdflower.tests.CommonWSTest"/>
</testsuite> <!-- com.comag10.crowdflower.tests.CommonWSTest -->
