<?xml version="1.0" encoding="UTF-8"?>
<!-- Generated by org.testng.reporters.JUnitReportReporter -->
<testsuite hostname="furqan-PC" name="com.comag10.crowdflower.CategoryTest" tests="2" failures="0" timestamp="21 Mar 2016 00:05:04 GMT" time="0.843" errors="0">
  <testcase name="getCategoriesTest" time="0.381" classname="com.comag10.crowdflower.CategoryTest"/>
  <testcase name="addCategoryTest" time="0.462" classname="com.comag10.crowdflower.CategoryTest"/>
</testsuite> <!-- com.comag10.crowdflower.CategoryTest -->
