<?xml version="1.0" encoding="UTF-8"?>
<!-- Generated by org.testng.reporters.JUnitReportReporter -->
<testsuite hostname="furqan-PC" name="com.comag10.crowdflower.tests.LongChainWSTest" tests="10" failures="0" timestamp="10 Mar 2016 02:17:24 GMT" time="20.733" errors="0">
  <testcase name="loadTestLongChain" time="2.043" classname="com.comag10.crowdflower.tests.LongChainWSTest"/>
  <testcase name="loadTestLongChain" time="2.054" classname="com.comag10.crowdflower.tests.LongChainWSTest"/>
  <testcase name="loadTestLongChain" time="2.049" classname="com.comag10.crowdflower.tests.LongChainWSTest"/>
  <testcase name="loadTestLongChain" time="2.046" classname="com.comag10.crowdflower.tests.LongChainWSTest"/>
  <testcase name="loadTestLongChain" time="2.048" classname="com.comag10.crowdflower.tests.LongChainWSTest"/>
  <testcase name="loadTestLongChain" time="2.039" classname="com.comag10.crowdflower.tests.LongChainWSTest"/>
  <testcase name="loadTestLongChain" time="2.060" classname="com.comag10.crowdflower.tests.LongChainWSTest"/>
  <testcase name="loadTestLongChain" time="2.067" classname="com.comag10.crowdflower.tests.LongChainWSTest"/>
  <testcase name="loadTestLongChain" time="2.050" classname="com.comag10.crowdflower.tests.LongChainWSTest"/>
  <testcase name="loadTestLongChain" time="2.277" classname="com.comag10.crowdflower.tests.LongChainWSTest"/>
</testsuite> <!-- com.comag10.crowdflower.tests.LongChainWSTest -->
