<?xml version="1.0" encoding="UTF-8"?>
<!-- Generated by org.testng.reporters.JUnitReportReporter -->
<testsuite hostname="furqan-PC" name="com.comag10.crowdflower.UserSettingTest" tests="2" failures="0" timestamp="17 Mar 2016 17:39:16 GMT" time="0.352" errors="0">
  <testcase name="getNullUserSettingsTest" time="0.282" classname="com.comag10.crowdflower.UserSettingTest"/>
  <testcase name="getUserSettingsTest" time="0.070" classname="com.comag10.crowdflower.UserSettingTest"/>
</testsuite> <!-- com.comag10.crowdflower.UserSettingTest -->
