<?xml version="1.0" encoding="UTF-8"?>
<!-- Generated by org.testng.reporters.JUnitReportReporter -->
<testsuite hostname="furqan-PC" name="com.comag10.crowdflower.VoteTest" tests="1" failures="0" timestamp="19 Mar 2016 23:23:55 GMT" time="0.908" errors="0">
  <testcase name="getUserVotesListTest" time="0.908" classname="com.comag10.crowdflower.VoteTest"/>
</testsuite> <!-- com.comag10.crowdflower.VoteTest -->
